---------------------------------------
Begin Slurm Prolog: Apr-29-2026 17:10:40
Job ID:    5119411
User ID:   kravishankar30
Account:   coc
Job name:  lora-geolocation
Partition: coc-gpu
QOS:       coc-ice
---------------------------------------

======================================================================
LoRA Geolocation Training
======================================================================
Device: cuda
GPU: NVIDIA L40S
Output directory: results/lora

--- Loading OSV-5M subset ---
[1/1] Shard 62 already extracted, skipping.
  50000 images on disk from 1 shard(s)
  50000 matched in metadata
Dataset loading/downloading time: 31.3s
Total available samples: 12000
Train samples: 10000
Test samples: 2000
Number of countries/classes: 193

--- Loading OpenCLIP ViT-L/14 with LoRA ---
Model loading time: 11.0s
Parameter counts:
{'total': 434252994, 'trainable': 6636481}
Number of trainable tensors: 218
First trainable tensors:
  clip.base_model.model.visual.transformer.resblocks.0.attn.out_proj.lora_A.default.weight
  clip.base_model.model.visual.transformer.resblocks.0.attn.out_proj.lora_B.default.weight
  clip.base_model.model.visual.transformer.resblocks.0.mlp.c_fc.lora_A.default.weight
  clip.base_model.model.visual.transformer.resblocks.0.mlp.c_fc.lora_B.default.weight
  clip.base_model.model.visual.transformer.resblocks.0.mlp.c_proj.lora_A.default.weight
  clip.base_model.model.visual.transformer.resblocks.0.mlp.c_proj.lora_B.default.weight
  clip.base_model.model.visual.transformer.resblocks.1.attn.out_proj.lora_A.default.weight
  clip.base_model.model.visual.transformer.resblocks.1.attn.out_proj.lora_B.default.weight
  clip.base_model.model.visual.transformer.resblocks.1.mlp.c_fc.lora_A.default.weight
  clip.base_model.model.visual.transformer.resblocks.1.mlp.c_fc.lora_B.default.weight
  clip.base_model.model.visual.transformer.resblocks.1.mlp.c_proj.lora_A.default.weight
  clip.base_model.model.visual.transformer.resblocks.1.mlp.c_proj.lora_B.default.weight
  clip.base_model.model.visual.transformer.resblocks.2.attn.out_proj.lora_A.default.weight
  clip.base_model.model.visual.transformer.resblocks.2.attn.out_proj.lora_B.default.weight
  clip.base_model.model.visual.transformer.resblocks.2.mlp.c_fc.lora_A.default.weight
  clip.base_model.model.visual.transformer.resblocks.2.mlp.c_fc.lora_B.default.weight
  clip.base_model.model.visual.transformer.resblocks.2.mlp.c_proj.lora_A.default.weight
  clip.base_model.model.visual.transformer.resblocks.2.mlp.c_proj.lora_B.default.weight
  clip.base_model.model.visual.transformer.resblocks.3.attn.out_proj.lora_A.default.weight
  clip.base_model.model.visual.transformer.resblocks.3.attn.out_proj.lora_B.default.weight

--- Training LoRA ---
Epoch 1/5 | loss=2.9921 | train_acc=0.3914 | test_top1=0.4955 | test_top5=0.7305 | time=279.6s | lr=9.05e-05
Epoch 2/5 | loss=1.8115 | train_acc=0.5730 | test_top1=0.5510 | test_top5=0.7860 | time=248.2s | lr=6.55e-05
Epoch 3/5 | loss=1.3332 | train_acc=0.6749 | test_top1=0.5745 | test_top5=0.7980 | time=249.8s | lr=3.45e-05
Epoch 4/5 | loss=1.0472 | train_acc=0.7496 | test_top1=0.5865 | test_top5=0.8055 | time=249.3s | lr=9.55e-06
Epoch 5/5 | loss=0.9008 | train_acc=0.7914 | test_top1=0.5930 | test_top5=0.8095 | time=248.9s | lr=0.00e+00

--- Final Evaluation ---

======================================================================
LORA RESULTS SUMMARY
======================================================================
top1_acc                  0.5930
top5_acc                  0.8095
top10_acc                 0.8875
mean_class_acc            0.2228

Timing:
Data loading:       0.52 min
Training:           25.95 min
Final evaluation:   0.88 min
Total run:          27.54 min

Parameter counts:
total                     434252994
trainable                 6636481

Saved outputs to: results/lora
---------------------------------------
Begin Slurm Epilog: Apr-29-2026 17:40:55
Job ID:        5119411
User ID:       kravishankar30
Account:       coc
Job name:      lora-geolocation
Resources:     cpu=6,gres/gpu:l40s=1,mem=64G,node=1
Rsrc Used:     cput=03:01:36,vmem=0,walltime=00:30:16,mem=32702020K,energy_used=0
Partition:     coc-gpu
QOS:           coc-ice
Nodes:         atl1-1-03-004-21-0
---------------------------------------
