---------------------------------------
Begin Slurm Prolog: Apr-29-2026 21:09:17
Job ID:    5120950
User ID:   kravishankar30
Account:   coc
Job name:  lora-geolocation
Partition: coc-gpu
QOS:       coc-ice
---------------------------------------

======================================================================
LoRA Geolocation Training
======================================================================
Device: cuda
GPU: Quadro RTX 6000
Output directory: results/lora_50k

--- Loading OSV-5M subset ---
[1/1] Shard 62 already extracted, skipping.
  50000 images on disk from 1 shard(s)
  50000 matched in metadata
Dataset loading/downloading time: 47.5s
Total available samples: 50000
Train samples: 40000
Test samples: 10000
Number of countries/classes: 193

--- Loading OpenCLIP ViT-L/14 with LoRA ---
Model loading time: 11.7s
Parameter counts:
{'total': 434252994, 'trainable': 6636481}
Number of trainable tensors: 218
First trainable tensors:
  clip.base_model.model.visual.transformer.resblocks.0.attn.out_proj.lora_A.default.weight
  clip.base_model.model.visual.transformer.resblocks.0.attn.out_proj.lora_B.default.weight
  clip.base_model.model.visual.transformer.resblocks.0.mlp.c_fc.lora_A.default.weight
  clip.base_model.model.visual.transformer.resblocks.0.mlp.c_fc.lora_B.default.weight
  clip.base_model.model.visual.transformer.resblocks.0.mlp.c_proj.lora_A.default.weight
  clip.base_model.model.visual.transformer.resblocks.0.mlp.c_proj.lora_B.default.weight
  clip.base_model.model.visual.transformer.resblocks.1.attn.out_proj.lora_A.default.weight
  clip.base_model.model.visual.transformer.resblocks.1.attn.out_proj.lora_B.default.weight
  clip.base_model.model.visual.transformer.resblocks.1.mlp.c_fc.lora_A.default.weight
  clip.base_model.model.visual.transformer.resblocks.1.mlp.c_fc.lora_B.default.weight
  clip.base_model.model.visual.transformer.resblocks.1.mlp.c_proj.lora_A.default.weight
  clip.base_model.model.visual.transformer.resblocks.1.mlp.c_proj.lora_B.default.weight
  clip.base_model.model.visual.transformer.resblocks.2.attn.out_proj.lora_A.default.weight
  clip.base_model.model.visual.transformer.resblocks.2.attn.out_proj.lora_B.default.weight
  clip.base_model.model.visual.transformer.resblocks.2.mlp.c_fc.lora_A.default.weight
  clip.base_model.model.visual.transformer.resblocks.2.mlp.c_fc.lora_B.default.weight
  clip.base_model.model.visual.transformer.resblocks.2.mlp.c_proj.lora_A.default.weight
  clip.base_model.model.visual.transformer.resblocks.2.mlp.c_proj.lora_B.default.weight
  clip.base_model.model.visual.transformer.resblocks.3.attn.out_proj.lora_A.default.weight
  clip.base_model.model.visual.transformer.resblocks.3.attn.out_proj.lora_B.default.weight

--- Training LoRA ---
Epoch 1/5 | loss=1.7964 | train_acc=0.5759 | test_top1=0.6612 | test_top5=0.8775 | time=1971.5s | lr=9.05e-05
Epoch 2/5 | loss=1.0146 | train_acc=0.7259 | test_top1=0.6959 | test_top5=0.9033 | time=1938.1s | lr=6.55e-05
Epoch 3/5 | loss=0.6782 | train_acc=0.8141 | test_top1=0.7078 | test_top5=0.9041 | time=1936.5s | lr=3.45e-05
Epoch 4/5 | loss=0.4543 | train_acc=0.8808 | test_top1=0.7126 | test_top5=0.8964 | time=1936.8s | lr=9.55e-06
Epoch 5/5 | loss=0.3375 | train_acc=0.9178 | test_top1=0.7121 | test_top5=0.8975 | time=1939.4s | lr=0.00e+00

--- Final Evaluation ---

======================================================================
LORA RESULTS SUMMARY
======================================================================
top1_acc                  0.7121
top5_acc                  0.8975
top10_acc                 0.9469
mean_class_acc            0.3088

Timing:
Data loading:       0.79 min
Training:           181.77 min
Final evaluation:   3.85 min
Total run:          186.60 min

Parameter counts:
total                     434252994
trainable                 6636481

Saved outputs to: results/lora_50k
---------------------------------------
Begin Slurm Epilog: Apr-30-2026 00:18:59
Job ID:        5120950
User ID:       kravishankar30
Account:       coc
Job name:      lora-geolocation
Resources:     cpu=6,gres/gpu:rtx_6000=1,mem=64G,node=1
Rsrc Used:     cput=18:58:18,vmem=0,walltime=03:09:43,mem=32183124K,energy_used=0
Partition:     coc-gpu
QOS:           coc-ice
Nodes:         atl1-1-01-005-7-0
---------------------------------------
